f:\work\qt\testqt_c3\src\pro1\x64\debug\start-cap.obj
f:\work\qt\testqt_c3\src\pro1\x64\debug\matthread.obj
f:\work\qt\testqt_c3\src\pro1\x64\debug\stopcap-c.obj
f:\work\qt\testqt_c3\src\pro1\x64\debug\main.obj
f:\work\qt\testqt_c3\src\pro1\x64\debug\shut.obj
f:\work\qt\testqt_c3\src\pro1\x64\debug\grab-c.obj
f:\work\qt\testqt_c3\src\pro1\x64\debug\pro1.obj
f:\work\qt\testqt_c3\src\pro1\x64\debug\qrc_pro1.obj
f:\work\qt\testqt_c3\src\pro1\x64\debug\moc_matview.obj
f:\work\qt\testqt_c3\src\pro1\x64\debug\context.obj
f:\work\qt\testqt_c3\src\pro1\x64\debug\moc_pro1.obj
f:\work\qt\testqt_c3\src\pro1\x64\debug\dealmat.obj
f:\work\qt\testqt_c3\src\pro1\x64\debug\init-c.obj
f:\work\qt\testqt_c3\src\pro1\x64\debug\moc_matthread.obj
f:\work\qt\testqt_c3\src\pro1\x64\debug\matview.obj
f:\work\qt\testqt_c3\src\pro1\x64\debug\vc141.pdb
f:\work\qt\testqt_c3\src\pro1\x64\debug\pro1.ilk
f:\work\qt\testqt_c3\src\pro1\x64\debug\pro1.exe
f:\work\qt\testqt_c3\src\pro1\x64\debug\pro1.pdb
f:\work\qt\testqt_c3\src\pro1\.\generatedfiles\debug\moc_pro1.cpp
f:\work\qt\testqt_c3\src\pro1\.\generatedfiles\debug\moc_matview.cpp
f:\work\qt\testqt_c3\src\pro1\.\generatedfiles\debug\moc_matthread.cpp
f:\work\qt\testqt_c3\src\pro1\generatedfiles\ui_pro1.h
f:\work\qt\testqt_c3\src\pro1\generatedfiles\qrc_pro1.cpp
f:\work\qt\testqt_c3\src\pro1\generatedfiles\debug\moc_pro1.cpp
f:\work\qt\testqt_c3\src\pro1\generatedfiles\debug\moc_matview.cpp
f:\work\qt\testqt_c3\src\pro1\generatedfiles\debug\moc_matthread.cpp
f:\work\qt\testqt_c3\src\pro1\.\generatedfiles\qrc_pro1.cpp
f:\work\qt\testqt_c3\src\pro1\.\generatedfiles\ui_pro1.h
f:\work\qt\testqt_c3\src\pro1\x64\debug\pro1.tlog\cl.11064.write.1.tlog
f:\work\qt\testqt_c3\src\pro1\x64\debug\pro1.tlog\cl.command.1.tlog
f:\work\qt\testqt_c3\src\pro1\x64\debug\pro1.tlog\cl.read.1.tlog
f:\work\qt\testqt_c3\src\pro1\x64\debug\pro1.tlog\link.command.1.tlog
f:\work\qt\testqt_c3\src\pro1\x64\debug\pro1.tlog\link.read.1.tlog
f:\work\qt\testqt_c3\src\pro1\x64\debug\pro1.tlog\link.write.1.tlog
f:\work\qt\testqt_c3\src\pro1\x64\debug\pro1.tlog\moc.read.1u.tlog
f:\work\qt\testqt_c3\src\pro1\x64\debug\pro1.tlog\moc.write.1u.tlog
f:\work\qt\testqt_c3\src\pro1\x64\debug\pro1.tlog\pro1.write.1u.tlog
f:\work\qt\testqt_c3\src\pro1\x64\debug\pro1.tlog\rcc.read.1u.tlog
f:\work\qt\testqt_c3\src\pro1\x64\debug\pro1.tlog\rcc.write.1u.tlog
f:\work\qt\testqt_c3\src\pro1\x64\debug\pro1.tlog\uic.read.1u.tlog
f:\work\qt\testqt_c3\src\pro1\x64\debug\pro1.tlog\uic.write.1u.tlog
